<?xml version="1.0" encoding="UTF-8"?>
<testsuite xmlns:xsi="http://www.w3.org/2001/XMLSchema-instance" xsi:schemaLocation="https://maven.apache.org/surefire/maven-surefire-plugin/xsd/surefire-test-report.xsd" name="org.guldenj.utils.MonetaryFormatTest" time="0" tests="27" errors="0" skipped="0" failures="0">
  <properties>
    <property name="java.runtime.name" value="Java(TM) SE Runtime Environment"/>
    <property name="sun.boot.library.path" value="/opt/oracle-jdk-bin-1.8.0.72/jre/lib/amd64"/>
    <property name="java.vm.version" value="25.72-b15"/>
    <property name="java.vm.vendor" value="Oracle Corporation"/>
    <property name="maven.multiModuleProjectDirectory" value="/mnt/oldroot/Development/freelance/GULDEN/android/GuldenJ-dev"/>
    <property name="java.vendor.url" value="http://java.oracle.com/"/>
    <property name="path.separator" value=":"/>
    <property name="guice.disable.misplaced.annotation.check" value="true"/>
    <property name="java.vm.name" value="Java HotSpot(TM) 64-Bit Server VM"/>
    <property name="file.encoding.pkg" value="sun.io"/>
    <property name="user.country" value="US"/>
    <property name="sun.java.launcher" value="SUN_STANDARD"/>
    <property name="sun.os.patch.level" value="unknown"/>
    <property name="java.vm.specification.name" value="Java Virtual Machine Specification"/>
    <property name="user.dir" value="/mnt/oldroot/Development/freelance/GULDEN/android/GuldenJ-dev"/>
    <property name="java.runtime.version" value="1.8.0_72-b15"/>
    <property name="java.awt.graphicsenv" value="sun.awt.X11GraphicsEnvironment"/>
    <property name="java.endorsed.dirs" value="/opt/oracle-jdk-bin-1.8.0.72/jre/lib/endorsed"/>
    <property name="os.arch" value="amd64"/>
    <property name="java.io.tmpdir" value="/tmp"/>
    <property name="line.separator" value="&#10;"/>
    <property name="java.vm.specification.vendor" value="Oracle Corporation"/>
    <property name="os.name" value="Linux"/>
    <property name="classworlds.conf" value="/usr/share/maven-bin-3.3/bin/m2.conf"/>
    <property name="sun.jnu.encoding" value="UTF-8"/>
    <property name="java.library.path" value="/usr/java/packages/lib/amd64:/usr/lib64:/lib64:/lib:/usr/lib"/>
    <property name="java.specification.name" value="Java Platform API Specification"/>
    <property name="java.class.version" value="52.0"/>
    <property name="sun.management.compiler" value="HotSpot 64-Bit Tiered Compilers"/>
    <property name="os.version" value="4.2.3-gentoo"/>
    <property name="user.home" value="/home/malcolm"/>
    <property name="user.timezone" value="GMT"/>
    <property name="java.awt.printerjob" value="sun.print.PSPrinterJob"/>
    <property name="file.encoding" value="UTF-8"/>
    <property name="java.specification.version" value="1.8"/>
    <property name="user.name" value="malcolm"/>
    <property name="java.class.path" value="/usr/share/maven-bin-3.3/boot/plexus-classworlds-2.5.2.jar"/>
    <property name="java.vm.specification.version" value="1.8"/>
    <property name="sun.arch.data.model" value="64"/>
    <property name="java.home" value="/opt/oracle-jdk-bin-1.8.0.72/jre"/>
    <property name="sun.java.command" value="org.codehaus.plexus.classworlds.launcher.Launcher test"/>
    <property name="java.specification.vendor" value="Oracle Corporation"/>
    <property name="user.language" value="en"/>
    <property name="awt.toolkit" value="sun.awt.X11.XToolkit"/>
    <property name="java.vm.info" value="mixed mode"/>
    <property name="java.version" value="1.8.0_72"/>
    <property name="java.ext.dirs" value="/opt/oracle-jdk-bin-1.8.0.72/jre/lib/ext:/usr/java/packages/lib/ext"/>
    <property name="securerandom.source" value="file:/dev/./urandom"/>
    <property name="sun.boot.class.path" value="/opt/oracle-jdk-bin-1.8.0.72/jre/lib/resources.jar:/opt/oracle-jdk-bin-1.8.0.72/jre/lib/rt.jar:/opt/oracle-jdk-bin-1.8.0.72/jre/lib/sunrsasign.jar:/opt/oracle-jdk-bin-1.8.0.72/jre/lib/jsse.jar:/opt/oracle-jdk-bin-1.8.0.72/jre/lib/jce.jar:/opt/oracle-jdk-bin-1.8.0.72/jre/lib/charsets.jar:/opt/oracle-jdk-bin-1.8.0.72/jre/lib/jfr.jar:/opt/oracle-jdk-bin-1.8.0.72/jre/classes"/>
    <property name="java.vendor" value="Oracle Corporation"/>
    <property name="maven.home" value="/usr/share/maven-bin-3.3"/>
    <property name="file.separator" value="/"/>
    <property name="java.vendor.url.bug" value="http://bugreport.sun.com/bugreport/"/>
    <property name="sun.cpu.endian" value="little"/>
    <property name="sun.io.unicode.encoding" value="UnicodeLittle"/>
    <property name="sun.cpu.isalist" value=""/>
  </properties>
  <testcase name="testDecimalMark" classname="org.guldenj.utils.MonetaryFormatTest" time="0"/>
  <testcase name="standardCodes" classname="org.guldenj.utils.MonetaryFormatTest" time="0"/>
  <testcase name="customCode" classname="org.guldenj.utils.MonetaryFormatTest" time="0"/>
  <testcase name="mBtcRounding" classname="org.guldenj.utils.MonetaryFormatTest" time="0"/>
  <testcase name="testSigns" classname="org.guldenj.utils.MonetaryFormatTest" time="0"/>
  <testcase name="noCode" classname="org.guldenj.utils.MonetaryFormatTest" time="0"/>
  <testcase name="parseInvalidMultipleDecimalMarks" classname="org.guldenj.utils.MonetaryFormatTest" time="0"/>
  <testcase name="parseInvalidPositiveSign" classname="org.guldenj.utils.MonetaryFormatTest" time="0"/>
  <testcase name="parseInvalidNegativeSign" classname="org.guldenj.utils.MonetaryFormatTest" time="0"/>
  <testcase name="codeOrientation" classname="org.guldenj.utils.MonetaryFormatTest" time="0"/>
  <testcase name="uBtcRounding" classname="org.guldenj.utils.MonetaryFormatTest" time="0"/>
  <testcase name="codeSeparator" classname="org.guldenj.utils.MonetaryFormatTest" time="0"/>
  <testcase name="fiat" classname="org.guldenj.utils.MonetaryFormatTest" time="0"/>
  <testcase name="parseInvalidWhitespaceSign" classname="org.guldenj.utils.MonetaryFormatTest" time="0"/>
  <testcase name="parse" classname="org.guldenj.utils.MonetaryFormatTest" time="0"/>
  <testcase name="btcRounding" classname="org.guldenj.utils.MonetaryFormatTest" time="0"/>
  <testcase name="repeatOptionalDecimals" classname="org.guldenj.utils.MonetaryFormatTest" time="0"/>
  <testcase name="parseInvalidHugeNegativeNumber" classname="org.guldenj.utils.MonetaryFormatTest" time="0"/>
  <testcase name="parseInvalidDecimalMark" classname="org.guldenj.utils.MonetaryFormatTest" time="0"/>
  <testcase name="parseInvalidWhitespaceAfter" classname="org.guldenj.utils.MonetaryFormatTest" time="0"/>
  <testcase name="parseInvalidHugeNumber" classname="org.guldenj.utils.MonetaryFormatTest" time="0"/>
  <testcase name="testGrouping" classname="org.guldenj.utils.MonetaryFormatTest" time="0"/>
  <testcase name="testDigits" classname="org.guldenj.utils.MonetaryFormatTest" time="0"/>
  <testcase name="missingCode" classname="org.guldenj.utils.MonetaryFormatTest" time="0"/>
  <testcase name="withLocale" classname="org.guldenj.utils.MonetaryFormatTest" time="0"/>
  <testcase name="parseInvalidEmpty" classname="org.guldenj.utils.MonetaryFormatTest" time="0"/>
  <testcase name="parseInvalidWhitespaceBefore" classname="org.guldenj.utils.MonetaryFormatTest" time="0"/>
</testsuite>