<?xml version="1.0" encoding="UTF-8"?>
<testsuite name="org.guldenj.core.LazyParseByteCacheTest" time="0.123" tests="6" errors="4" skipped="0" failures="0">
  <properties>
    <property name="java.runtime.name" value="Java(TM) SE Runtime Environment"/>
    <property name="sun.boot.library.path" value="/opt/oracle-jdk-bin-1.8.0.72/jre/lib/amd64"/>
    <property name="java.vm.version" value="25.72-b15"/>
    <property name="java.vm.vendor" value="Oracle Corporation"/>
    <property name="maven.multiModuleProjectDirectory" value="/mnt/oldroot/Development/freelance/GULDEN/android/GuldenJ-dev"/>
    <property name="java.vendor.url" value="http://java.oracle.com/"/>
    <property name="path.separator" value=":"/>
    <property name="guice.disable.misplaced.annotation.check" value="true"/>
    <property name="java.vm.name" value="Java HotSpot(TM) 64-Bit Server VM"/>
    <property name="file.encoding.pkg" value="sun.io"/>
    <property name="user.country" value="US"/>
    <property name="sun.java.launcher" value="SUN_STANDARD"/>
    <property name="sun.os.patch.level" value="unknown"/>
    <property name="java.vm.specification.name" value="Java Virtual Machine Specification"/>
    <property name="user.dir" value="/mnt/oldroot/Development/freelance/GULDEN/android/GuldenJ-dev"/>
    <property name="java.runtime.version" value="1.8.0_72-b15"/>
    <property name="java.awt.graphicsenv" value="sun.awt.X11GraphicsEnvironment"/>
    <property name="java.endorsed.dirs" value="/opt/oracle-jdk-bin-1.8.0.72/jre/lib/endorsed"/>
    <property name="os.arch" value="amd64"/>
    <property name="java.io.tmpdir" value="/tmp"/>
    <property name="line.separator" value="&#10;"/>
    <property name="java.vm.specification.vendor" value="Oracle Corporation"/>
    <property name="os.name" value="Linux"/>
    <property name="classworlds.conf" value="/usr/share/maven-bin-3.3/bin/m2.conf"/>
    <property name="sun.jnu.encoding" value="UTF-8"/>
    <property name="java.library.path" value="/usr/java/packages/lib/amd64:/usr/lib64:/lib64:/lib:/usr/lib"/>
    <property name="java.specification.name" value="Java Platform API Specification"/>
    <property name="java.class.version" value="52.0"/>
    <property name="sun.management.compiler" value="HotSpot 64-Bit Tiered Compilers"/>
    <property name="os.version" value="4.2.3-gentoo"/>
    <property name="user.home" value="/home/malcolm"/>
    <property name="user.timezone" value="GMT"/>
    <property name="java.awt.printerjob" value="sun.print.PSPrinterJob"/>
    <property name="file.encoding" value="UTF-8"/>
    <property name="java.specification.version" value="1.8"/>
    <property name="user.name" value="malcolm"/>
    <property name="java.class.path" value="/usr/share/maven-bin-3.3/boot/plexus-classworlds-2.5.2.jar"/>
    <property name="java.vm.specification.version" value="1.8"/>
    <property name="sun.arch.data.model" value="64"/>
    <property name="java.home" value="/opt/oracle-jdk-bin-1.8.0.72/jre"/>
    <property name="sun.java.command" value="org.codehaus.plexus.classworlds.launcher.Launcher test"/>
    <property name="java.specification.vendor" value="Oracle Corporation"/>
    <property name="user.language" value="en"/>
    <property name="awt.toolkit" value="sun.awt.X11.XToolkit"/>
    <property name="java.vm.info" value="mixed mode"/>
    <property name="java.version" value="1.8.0_72"/>
    <property name="java.ext.dirs" value="/opt/oracle-jdk-bin-1.8.0.72/jre/lib/ext:/usr/java/packages/lib/ext"/>
    <property name="securerandom.source" value="file:/dev/./urandom"/>
    <property name="sun.boot.class.path" value="/opt/oracle-jdk-bin-1.8.0.72/jre/lib/resources.jar:/opt/oracle-jdk-bin-1.8.0.72/jre/lib/rt.jar:/opt/oracle-jdk-bin-1.8.0.72/jre/lib/sunrsasign.jar:/opt/oracle-jdk-bin-1.8.0.72/jre/lib/jsse.jar:/opt/oracle-jdk-bin-1.8.0.72/jre/lib/jce.jar:/opt/oracle-jdk-bin-1.8.0.72/jre/lib/charsets.jar:/opt/oracle-jdk-bin-1.8.0.72/jre/lib/jfr.jar:/opt/oracle-jdk-bin-1.8.0.72/jre/classes"/>
    <property name="java.vendor" value="Oracle Corporation"/>
    <property name="maven.home" value="/usr/share/maven-bin-3.3"/>
    <property name="file.separator" value="/"/>
    <property name="java.vendor.url.bug" value="http://bugreport.sun.com/bugreport/"/>
    <property name="sun.cpu.endian" value="little"/>
    <property name="sun.io.unicode.encoding" value="UnicodeLittle"/>
    <property name="sun.cpu.isalist" value=""/>
  </properties>
  <testcase name="testTransactionsLazyRetain" classname="org.guldenj.core.LazyParseByteCacheTest" time="0.001">
    <error message="dbc3c854ae2c85cd74fd542ade4f0c5785a49f321656ff1edc9799154463591b" type="java.lang.IllegalStateException"><![CDATA[java.lang.IllegalStateException: dbc3c854ae2c85cd74fd542ade4f0c5785a49f321656ff1edc9799154463591b
	at com.google.common.base.Preconditions.checkState(Preconditions.java:176)
	at org.guldenj.params.MainNetParams.<init>(MainNetParams.java:52)
	at org.guldenj.params.MainNetParams.get(MainNetParams.java:106)
	at org.guldenj.core.LazyParseByteCacheTest.testTransactionsLazyRetain(LazyParseByteCacheTest.java:140)
]]></error>
    <system-err><![CDATA[13:37:18 1 MnemonicCode.toSeed: PBKDF2 took 30ms
13:37:18 1 KeyChainGroup.addAndActivateHDChain: Creating and activating a new HD chain: org.guldenj.wallet.DeterministicKeyChain@605000d4
13:37:18 1 DeterministicKeyChain.maybeLookAhead: 1 keys needed for M/0H/0 = 1 issued + 0 lookahead size + 0 lookahead threshold - 0 num children
13:37:18 1 DeterministicKeyChain.maybeLookAhead: Took 0 msec
13:37:18 1 DeterministicKeyChain.maybeLookAhead: 1 keys needed for M/0H/0 = 2 issued + 0 lookahead size + 0 lookahead threshold - 1 num children
13:37:18 1 DeterministicKeyChain.maybeLookAhead: Took 1 msec
]]></system-err>
  </testcase>
  <testcase name="validateSetup" classname="org.guldenj.core.LazyParseByteCacheTest" time="0"/>
  <testcase name="testBlockAll" classname="org.guldenj.core.LazyParseByteCacheTest" time="0.001"/>
  <testcase name="testTransactionsNoLazyNoRetain" classname="org.guldenj.core.LazyParseByteCacheTest" time="0.043">
    <error message="dbc3c854ae2c85cd74fd542ade4f0c5785a49f321656ff1edc9799154463591b" type="java.lang.IllegalStateException"><![CDATA[java.lang.IllegalStateException: dbc3c854ae2c85cd74fd542ade4f0c5785a49f321656ff1edc9799154463591b
	at com.google.common.base.Preconditions.checkState(Preconditions.java:176)
	at org.guldenj.params.MainNetParams.<init>(MainNetParams.java:52)
	at org.guldenj.params.MainNetParams.get(MainNetParams.java:106)
	at org.guldenj.core.LazyParseByteCacheTest.testTransactionsNoLazyNoRetain(LazyParseByteCacheTest.java:154)
]]></error>
    <system-err><![CDATA[13:37:18 1 MnemonicCode.toSeed: PBKDF2 took 35ms
13:37:18 1 KeyChainGroup.addAndActivateHDChain: Creating and activating a new HD chain: org.guldenj.wallet.DeterministicKeyChain@2ff19416
13:37:18 1 DeterministicKeyChain.maybeLookAhead: 1 keys needed for M/0H/0 = 1 issued + 0 lookahead size + 0 lookahead threshold - 0 num children
13:37:18 1 DeterministicKeyChain.maybeLookAhead: Took 0 msec
13:37:18 1 DeterministicKeyChain.maybeLookAhead: 1 keys needed for M/0H/0 = 2 issued + 0 lookahead size + 0 lookahead threshold - 1 num children
13:37:18 1 DeterministicKeyChain.maybeLookAhead: Took 1 msec
]]></system-err>
  </testcase>
  <testcase name="testTransactionsLazyNoRetain" classname="org.guldenj.core.LazyParseByteCacheTest" time="0.037">
    <error message="dbc3c854ae2c85cd74fd542ade4f0c5785a49f321656ff1edc9799154463591b" type="java.lang.IllegalStateException"><![CDATA[java.lang.IllegalStateException: dbc3c854ae2c85cd74fd542ade4f0c5785a49f321656ff1edc9799154463591b
	at com.google.common.base.Preconditions.checkState(Preconditions.java:176)
	at org.guldenj.params.MainNetParams.<init>(MainNetParams.java:52)
	at org.guldenj.params.MainNetParams.get(MainNetParams.java:106)
	at org.guldenj.core.LazyParseByteCacheTest.testTransactionsLazyNoRetain(LazyParseByteCacheTest.java:147)
]]></error>
    <system-err><![CDATA[13:37:18 1 MnemonicCode.toSeed: PBKDF2 took 27ms
13:37:18 1 KeyChainGroup.addAndActivateHDChain: Creating and activating a new HD chain: org.guldenj.wallet.DeterministicKeyChain@32865c35
13:37:18 1 DeterministicKeyChain.maybeLookAhead: 1 keys needed for M/0H/0 = 1 issued + 0 lookahead size + 0 lookahead threshold - 0 num children
13:37:18 1 DeterministicKeyChain.maybeLookAhead: Took 0 msec
13:37:18 1 DeterministicKeyChain.maybeLookAhead: 1 keys needed for M/0H/0 = 2 issued + 0 lookahead size + 0 lookahead threshold - 1 num children
13:37:18 1 DeterministicKeyChain.maybeLookAhead: Took 0 msec
]]></system-err>
  </testcase>
  <testcase name="testTransactionsNoLazyRetain" classname="org.guldenj.core.LazyParseByteCacheTest" time="0.041">
    <error message="dbc3c854ae2c85cd74fd542ade4f0c5785a49f321656ff1edc9799154463591b" type="java.lang.IllegalStateException"><![CDATA[java.lang.IllegalStateException: dbc3c854ae2c85cd74fd542ade4f0c5785a49f321656ff1edc9799154463591b
	at com.google.common.base.Preconditions.checkState(Preconditions.java:176)
	at org.guldenj.params.MainNetParams.<init>(MainNetParams.java:52)
	at org.guldenj.params.MainNetParams.get(MainNetParams.java:106)
	at org.guldenj.core.LazyParseByteCacheTest.testTransactionsNoLazyRetain(LazyParseByteCacheTest.java:161)
]]></error>
    <system-err><![CDATA[13:37:18 1 MnemonicCode.toSeed: PBKDF2 took 30ms
13:37:18 1 KeyChainGroup.addAndActivateHDChain: Creating and activating a new HD chain: org.guldenj.wallet.DeterministicKeyChain@52b3a9c6
13:37:18 1 DeterministicKeyChain.maybeLookAhead: 1 keys needed for M/0H/0 = 1 issued + 0 lookahead size + 0 lookahead threshold - 0 num children
13:37:18 1 DeterministicKeyChain.maybeLookAhead: Took 0 msec
13:37:18 1 DeterministicKeyChain.maybeLookAhead: 1 keys needed for M/0H/0 = 2 issued + 0 lookahead size + 0 lookahead threshold - 1 num children
13:37:18 1 DeterministicKeyChain.maybeLookAhead: Took 0 msec
]]></system-err>
  </testcase>
</testsuite>