<?xml version="1.0" encoding="UTF-8"?>
<testsuite xmlns:xsi="http://www.w3.org/2001/XMLSchema-instance" xsi:schemaLocation="https://maven.apache.org/surefire/maven-surefire-plugin/xsd/surefire-test-report.xsd" name="org.guldenj.core.PeerGroupTest" time="8.563" tests="42" errors="0" skipped="2" failures="0">
  <properties>
    <property name="java.runtime.name" value="Java(TM) SE Runtime Environment"/>
    <property name="sun.boot.library.path" value="/opt/oracle-jdk-bin-1.8.0.72/jre/lib/amd64"/>
    <property name="java.vm.version" value="25.72-b15"/>
    <property name="java.vm.vendor" value="Oracle Corporation"/>
    <property name="maven.multiModuleProjectDirectory" value="/mnt/oldroot/Development/freelance/GULDEN/android/GuldenJ-dev"/>
    <property name="java.vendor.url" value="http://java.oracle.com/"/>
    <property name="path.separator" value=":"/>
    <property name="guice.disable.misplaced.annotation.check" value="true"/>
    <property name="java.vm.name" value="Java HotSpot(TM) 64-Bit Server VM"/>
    <property name="file.encoding.pkg" value="sun.io"/>
    <property name="user.country" value="US"/>
    <property name="sun.java.launcher" value="SUN_STANDARD"/>
    <property name="sun.os.patch.level" value="unknown"/>
    <property name="java.vm.specification.name" value="Java Virtual Machine Specification"/>
    <property name="user.dir" value="/mnt/oldroot/Development/freelance/GULDEN/android/GuldenJ-dev"/>
    <property name="java.runtime.version" value="1.8.0_72-b15"/>
    <property name="java.awt.graphicsenv" value="sun.awt.X11GraphicsEnvironment"/>
    <property name="java.endorsed.dirs" value="/opt/oracle-jdk-bin-1.8.0.72/jre/lib/endorsed"/>
    <property name="os.arch" value="amd64"/>
    <property name="java.io.tmpdir" value="/tmp"/>
    <property name="line.separator" value="&#10;"/>
    <property name="java.vm.specification.vendor" value="Oracle Corporation"/>
    <property name="os.name" value="Linux"/>
    <property name="classworlds.conf" value="/usr/share/maven-bin-3.3/bin/m2.conf"/>
    <property name="sun.jnu.encoding" value="UTF-8"/>
    <property name="java.library.path" value="/usr/java/packages/lib/amd64:/usr/lib64:/lib64:/lib:/usr/lib"/>
    <property name="java.specification.name" value="Java Platform API Specification"/>
    <property name="java.class.version" value="52.0"/>
    <property name="sun.management.compiler" value="HotSpot 64-Bit Tiered Compilers"/>
    <property name="os.version" value="4.2.3-gentoo"/>
    <property name="user.home" value="/home/malcolm"/>
    <property name="user.timezone" value="GMT"/>
    <property name="java.awt.printerjob" value="sun.print.PSPrinterJob"/>
    <property name="file.encoding" value="UTF-8"/>
    <property name="java.specification.version" value="1.8"/>
    <property name="user.name" value="malcolm"/>
    <property name="java.class.path" value="/usr/share/maven-bin-3.3/boot/plexus-classworlds-2.5.2.jar"/>
    <property name="java.vm.specification.version" value="1.8"/>
    <property name="sun.arch.data.model" value="64"/>
    <property name="java.home" value="/opt/oracle-jdk-bin-1.8.0.72/jre"/>
    <property name="sun.java.command" value="org.codehaus.plexus.classworlds.launcher.Launcher test"/>
    <property name="java.specification.vendor" value="Oracle Corporation"/>
    <property name="user.language" value="en"/>
    <property name="awt.toolkit" value="sun.awt.X11.XToolkit"/>
    <property name="java.vm.info" value="mixed mode"/>
    <property name="java.version" value="1.8.0_72"/>
    <property name="java.ext.dirs" value="/opt/oracle-jdk-bin-1.8.0.72/jre/lib/ext:/usr/java/packages/lib/ext"/>
    <property name="securerandom.source" value="file:/dev/./urandom"/>
    <property name="sun.boot.class.path" value="/opt/oracle-jdk-bin-1.8.0.72/jre/lib/resources.jar:/opt/oracle-jdk-bin-1.8.0.72/jre/lib/rt.jar:/opt/oracle-jdk-bin-1.8.0.72/jre/lib/sunrsasign.jar:/opt/oracle-jdk-bin-1.8.0.72/jre/lib/jsse.jar:/opt/oracle-jdk-bin-1.8.0.72/jre/lib/jce.jar:/opt/oracle-jdk-bin-1.8.0.72/jre/lib/charsets.jar:/opt/oracle-jdk-bin-1.8.0.72/jre/lib/jfr.jar:/opt/oracle-jdk-bin-1.8.0.72/jre/classes"/>
    <property name="java.vendor" value="Oracle Corporation"/>
    <property name="maven.home" value="/usr/share/maven-bin-3.3"/>
    <property name="file.separator" value="/"/>
    <property name="java.vendor.url.bug" value="http://bugreport.sun.com/bugreport/"/>
    <property name="sun.cpu.endian" value="little"/>
    <property name="sun.io.unicode.encoding" value="UnicodeLittle"/>
    <property name="sun.cpu.isalist" value=""/>
  </properties>
  <testcase name="singleDownloadPeer1[0]" classname="org.guldenj.core.PeerGroupTest" time="0.344"/>
  <testcase name="singleDownloadPeer2[0]" classname="org.guldenj.core.PeerGroupTest" time="0.234"/>
  <testcase name="receiveTxBroadcastOnAddedWallet[0]" classname="org.guldenj.core.PeerGroupTest" time="0.156"/>
  <testcase name="downloadPeerSelection[0]" classname="org.guldenj.core.PeerGroupTest" time="0.222"/>
  <testcase name="preferLocalPeer[0]" classname="org.guldenj.core.PeerGroupTest" time="0.052"/>
  <testcase name="waitForNumPeers1[0]" classname="org.guldenj.core.PeerGroupTest" time="0.188"/>
  <testcase name="transactionConfidence[0]" classname="org.guldenj.core.PeerGroupTest" time="0.204"/>
  <testcase name="peerTimeoutTest[0]" classname="org.guldenj.core.PeerGroupTest" time="0.136"/>
  <testcase name="autoRescanOnKeyExhaustion[0]" classname="org.guldenj.core.PeerGroupTest" time="0.299"/>
  <testcase name="pings[0]" classname="org.guldenj.core.PeerGroupTest" time="0.344"/>
  <testcase name="receiveTxBroadcast[0]" classname="org.guldenj.core.PeerGroupTest" time="0.208"/>
  <testcase name="testBloomResendOnNewKey[0]" classname="org.guldenj.core.PeerGroupTest" time="0.128"/>
  <testcase name="peerDiscoveryPolling[0]" classname="org.guldenj.core.PeerGroupTest" time="1.038"/>
  <testcase name="testBloomOnP2Pubkey[0]" classname="org.guldenj.core.PeerGroupTest" time="0.212"/>
  <testcase name="peerPriority[0]" classname="org.guldenj.core.PeerGroupTest" time="0">
    <skipped message="disabled for now as this test is too flaky"/>
  </testcase>
  <testcase name="waitForPeersOfVersion[0]" classname="org.guldenj.core.PeerGroupTest" time="0.154"/>
  <testcase name="listener[0]" classname="org.guldenj.core.PeerGroupTest" time="0.127"/>
  <testcase name="multiplePeerDiscovery[0]" classname="org.guldenj.core.PeerGroupTest" time="0.054"/>
  <testcase name="testWalletCatchupTime[0]" classname="org.guldenj.core.PeerGroupTest" time="0.065"/>
  <testcase name="waitForPeersWithServiceFlags[0]" classname="org.guldenj.core.PeerGroupTest" time="0.179"/>
  <testcase name="noPings[0]" classname="org.guldenj.core.PeerGroupTest" time="0.083"/>
  <testcase name="singleDownloadPeer1[1]" classname="org.guldenj.core.PeerGroupTest" time="0.214"/>
  <testcase name="singleDownloadPeer2[1]" classname="org.guldenj.core.PeerGroupTest" time="0.182"/>
  <testcase name="receiveTxBroadcastOnAddedWallet[1]" classname="org.guldenj.core.PeerGroupTest" time="0.144"/>
  <testcase name="downloadPeerSelection[1]" classname="org.guldenj.core.PeerGroupTest" time="0.195"/>
  <testcase name="preferLocalPeer[1]" classname="org.guldenj.core.PeerGroupTest" time="0.037"/>
  <testcase name="waitForNumPeers1[1]" classname="org.guldenj.core.PeerGroupTest" time="0.168"/>
  <testcase name="transactionConfidence[1]" classname="org.guldenj.core.PeerGroupTest" time="0.244"/>
  <testcase name="peerTimeoutTest[1]" classname="org.guldenj.core.PeerGroupTest" time="0.134"/>
  <testcase name="autoRescanOnKeyExhaustion[1]" classname="org.guldenj.core.PeerGroupTest" time="0.293"/>
  <testcase name="pings[1]" classname="org.guldenj.core.PeerGroupTest" time="0.24"/>
  <testcase name="receiveTxBroadcast[1]" classname="org.guldenj.core.PeerGroupTest" time="0.202"/>
  <testcase name="testBloomResendOnNewKey[1]" classname="org.guldenj.core.PeerGroupTest" time="0.135"/>
  <testcase name="peerDiscoveryPolling[1]" classname="org.guldenj.core.PeerGroupTest" time="1.04"/>
  <testcase name="testBloomOnP2Pubkey[1]" classname="org.guldenj.core.PeerGroupTest" time="0.205"/>
  <testcase name="peerPriority[1]" classname="org.guldenj.core.PeerGroupTest" time="0">
    <skipped message="disabled for now as this test is too flaky"/>
  </testcase>
  <testcase name="waitForPeersOfVersion[1]" classname="org.guldenj.core.PeerGroupTest" time="0.163"/>
  <testcase name="listener[1]" classname="org.guldenj.core.PeerGroupTest" time="0.115"/>
  <testcase name="multiplePeerDiscovery[1]" classname="org.guldenj.core.PeerGroupTest" time="0.046"/>
  <testcase name="testWalletCatchupTime[1]" classname="org.guldenj.core.PeerGroupTest" time="0.074"/>
  <testcase name="waitForPeersWithServiceFlags[1]" classname="org.guldenj.core.PeerGroupTest" time="0.154"/>
  <testcase name="noPings[1]" classname="org.guldenj.core.PeerGroupTest" time="0.076"/>
</testsuite>