<?xml version="1.0" encoding="UTF-8"?>
<testsuite xmlns:xsi="http://www.w3.org/2001/XMLSchema-instance" xsi:schemaLocation="https://maven.apache.org/surefire/maven-surefire-plugin/xsd/surefire-test-report.xsd" name="org.guldenj.core.WalletTest" time="11.734" tests="117" errors="0" skipped="0" failures="0">
  <properties>
    <property name="java.runtime.name" value="Java(TM) SE Runtime Environment"/>
    <property name="sun.boot.library.path" value="/opt/oracle-jdk-bin-1.8.0.72/jre/lib/amd64"/>
    <property name="java.vm.version" value="25.72-b15"/>
    <property name="java.vm.vendor" value="Oracle Corporation"/>
    <property name="maven.multiModuleProjectDirectory" value="/mnt/oldroot/Development/freelance/GULDEN/android/GuldenJ-dev"/>
    <property name="java.vendor.url" value="http://java.oracle.com/"/>
    <property name="path.separator" value=":"/>
    <property name="guice.disable.misplaced.annotation.check" value="true"/>
    <property name="java.vm.name" value="Java HotSpot(TM) 64-Bit Server VM"/>
    <property name="file.encoding.pkg" value="sun.io"/>
    <property name="user.country" value="US"/>
    <property name="sun.java.launcher" value="SUN_STANDARD"/>
    <property name="sun.os.patch.level" value="unknown"/>
    <property name="java.vm.specification.name" value="Java Virtual Machine Specification"/>
    <property name="user.dir" value="/mnt/oldroot/Development/freelance/GULDEN/android/GuldenJ-dev"/>
    <property name="java.runtime.version" value="1.8.0_72-b15"/>
    <property name="java.awt.graphicsenv" value="sun.awt.X11GraphicsEnvironment"/>
    <property name="java.endorsed.dirs" value="/opt/oracle-jdk-bin-1.8.0.72/jre/lib/endorsed"/>
    <property name="os.arch" value="amd64"/>
    <property name="java.io.tmpdir" value="/tmp"/>
    <property name="line.separator" value="&#10;"/>
    <property name="java.vm.specification.vendor" value="Oracle Corporation"/>
    <property name="os.name" value="Linux"/>
    <property name="classworlds.conf" value="/usr/share/maven-bin-3.3/bin/m2.conf"/>
    <property name="sun.jnu.encoding" value="UTF-8"/>
    <property name="java.library.path" value="/usr/java/packages/lib/amd64:/usr/lib64:/lib64:/lib:/usr/lib"/>
    <property name="java.specification.name" value="Java Platform API Specification"/>
    <property name="java.class.version" value="52.0"/>
    <property name="sun.management.compiler" value="HotSpot 64-Bit Tiered Compilers"/>
    <property name="os.version" value="4.2.3-gentoo"/>
    <property name="user.home" value="/home/malcolm"/>
    <property name="user.timezone" value="GMT"/>
    <property name="java.awt.printerjob" value="sun.print.PSPrinterJob"/>
    <property name="file.encoding" value="UTF-8"/>
    <property name="java.specification.version" value="1.8"/>
    <property name="user.name" value="malcolm"/>
    <property name="java.class.path" value="/usr/share/maven-bin-3.3/boot/plexus-classworlds-2.5.2.jar"/>
    <property name="java.vm.specification.version" value="1.8"/>
    <property name="sun.arch.data.model" value="64"/>
    <property name="java.home" value="/opt/oracle-jdk-bin-1.8.0.72/jre"/>
    <property name="sun.java.command" value="org.codehaus.plexus.classworlds.launcher.Launcher test"/>
    <property name="java.specification.vendor" value="Oracle Corporation"/>
    <property name="user.language" value="en"/>
    <property name="awt.toolkit" value="sun.awt.X11.XToolkit"/>
    <property name="java.vm.info" value="mixed mode"/>
    <property name="java.version" value="1.8.0_72"/>
    <property name="java.ext.dirs" value="/opt/oracle-jdk-bin-1.8.0.72/jre/lib/ext:/usr/java/packages/lib/ext"/>
    <property name="securerandom.source" value="file:/dev/./urandom"/>
    <property name="sun.boot.class.path" value="/opt/oracle-jdk-bin-1.8.0.72/jre/lib/resources.jar:/opt/oracle-jdk-bin-1.8.0.72/jre/lib/rt.jar:/opt/oracle-jdk-bin-1.8.0.72/jre/lib/sunrsasign.jar:/opt/oracle-jdk-bin-1.8.0.72/jre/lib/jsse.jar:/opt/oracle-jdk-bin-1.8.0.72/jre/lib/jce.jar:/opt/oracle-jdk-bin-1.8.0.72/jre/lib/charsets.jar:/opt/oracle-jdk-bin-1.8.0.72/jre/lib/jfr.jar:/opt/oracle-jdk-bin-1.8.0.72/jre/classes"/>
    <property name="java.vendor" value="Oracle Corporation"/>
    <property name="maven.home" value="/usr/share/maven-bin-3.3"/>
    <property name="file.separator" value="/"/>
    <property name="java.vendor.url.bug" value="http://bugreport.sun.com/bugreport/"/>
    <property name="sun.cpu.endian" value="little"/>
    <property name="sun.io.unicode.encoding" value="UnicodeLittle"/>
    <property name="sun.cpu.isalist" value=""/>
  </properties>
  <testcase name="completeTxPartiallySignedMarriedThrows" classname="org.guldenj.core.WalletTest" time="0.133"/>
  <testcase name="removeScriptsBloomFilter" classname="org.guldenj.core.WalletTest" time="0.036"/>
  <testcase name="sendMultipleCentsTest" classname="org.guldenj.core.WalletTest" time="0.032"/>
  <testcase name="cleanupFailsDueToSpend" classname="org.guldenj.core.WalletTest" time="0.037"/>
  <testcase name="spendOutputFromPendingTransaction" classname="org.guldenj.core.WalletTest" time="0.032"/>
  <testcase name="isConsistent_pools" classname="org.guldenj.core.WalletTest" time="0.031"/>
  <testcase name="isConsistent_spent" classname="org.guldenj.core.WalletTest" time="0.028"/>
  <testcase name="keyRotationHD" classname="org.guldenj.core.WalletTest" time="0.088"/>
  <testcase name="balances" classname="org.guldenj.core.WalletTest" time="0.031"/>
  <testcase name="txSpendingDeadTx" classname="org.guldenj.core.WalletTest" time="0.036"/>
  <testcase name="sideChain" classname="org.guldenj.core.WalletTest" time="0.032"/>
  <testcase name="twoOpReturnsPerTransactionTest" classname="org.guldenj.core.WalletTest" time="0.032"/>
  <testcase name="completeTxPartiallySignedThrows" classname="org.guldenj.core.WalletTest" time="0.034"/>
  <testcase name="watchingWalletWithCreationTime" classname="org.guldenj.core.WalletTest" time="0.033"/>
  <testcase name="watchingScriptsConfirmed" classname="org.guldenj.core.WalletTest" time="0.031"/>
  <testcase name="isTxConsistentReturnsFalseAsExpected" classname="org.guldenj.core.WalletTest" time="0.085"/>
  <testcase name="replayWhilstPending" classname="org.guldenj.core.WalletTest" time="0.035"/>
  <testcase name="getSeedAsWords1" classname="org.guldenj.core.WalletTest" time="0.03"/>
  <testcase name="sendRequestMemo" classname="org.guldenj.core.WalletTest" time="0.045"/>
  <testcase name="sendDustTest" classname="org.guldenj.core.WalletTest" time="0.029"/>
  <testcase name="addUnencryptedKeyToEncryptedWallet" classname="org.guldenj.core.WalletTest" time="0.104"/>
  <testcase name="testEmptyRandomWallet" classname="org.guldenj.core.WalletTest" time="0.052"/>
  <testcase name="testCompleteTxWithExistingInputs" classname="org.guldenj.core.WalletTest" time="0.039"/>
  <testcase name="transactionGetFeeTest" classname="org.guldenj.core.WalletTest" time="0.03"/>
  <testcase name="sendDustAndOpReturnWithoutValueTest" classname="org.guldenj.core.WalletTest" time="0.03"/>
  <testcase name="completeTxPartiallySignedMarriedWithDummySigs" classname="org.guldenj.core.WalletTest" time="0.123"/>
  <testcase name="bounce" classname="org.guldenj.core.WalletTest" time="0.035"/>
  <testcase name="completeTxPartiallySignedMarriedThrowsByDefault" classname="org.guldenj.core.WalletTest" time="0.125"/>
  <testcase name="opReturnTwoOutputsTest" classname="org.guldenj.core.WalletTest" time="0.032"/>
  <testcase name="keyRotationRandom" classname="org.guldenj.core.WalletTest" time="0.08"/>
  <testcase name="importOfHDKeyForbidden" classname="org.guldenj.core.WalletTest" time="0.029"/>
  <testcase name="fromKeys" classname="org.guldenj.core.WalletTest" time="0.06"/>
  <testcase name="ageMattersDuringSelection" classname="org.guldenj.core.WalletTest" time="0.05"/>
  <testcase name="upgradeToHDEncrypted" classname="org.guldenj.core.WalletTest" time="0.119"/>
  <testcase name="encryptionDecryptionBadPassword" classname="org.guldenj.core.WalletTest" time="0.159"/>
  <testcase name="opReturnOneOutputTest" classname="org.guldenj.core.WalletTest" time="0.036"/>
  <testcase name="spendToSameWallet" classname="org.guldenj.core.WalletTest" time="0.043"/>
  <testcase name="completeTxPartiallySignedWithDummySigs" classname="org.guldenj.core.WalletTest" time="0.032"/>
  <testcase name="doubleSpendWeCreate" classname="org.guldenj.core.WalletTest" time="0.05"/>
  <testcase name="lastBlockSeen" classname="org.guldenj.core.WalletTest" time="0.031"/>
  <testcase name="mismatchedCrypter" classname="org.guldenj.core.WalletTest" time="0.268"/>
  <testcase name="sendRequestExchangeRate" classname="org.guldenj.core.WalletTest" time="0.036"/>
  <testcase name="keyCreationTime" classname="org.guldenj.core.WalletTest" time="0.056"/>
  <testcase name="doubleSpendForBuildingTx" classname="org.guldenj.core.WalletTest" time="0.036"/>
  <testcase name="higherThanDefaultFee" classname="org.guldenj.core.WalletTest" time="0.038"/>
  <testcase name="sendRequestP2PKHTest" classname="org.guldenj.core.WalletTest" time="0.025"/>
  <testcase name="doubleSpendFinneyAttack" classname="org.guldenj.core.WalletTest" time="0.04"/>
  <testcase name="respectMaxStandardSize" classname="org.guldenj.core.WalletTest" time="0.051"/>
  <testcase name="sendCoinsWithBroadcasterTest" classname="org.guldenj.core.WalletTest" time="0.031"/>
  <testcase name="balance" classname="org.guldenj.core.WalletTest" time="0.033"/>
  <testcase name="watchingScriptsSentFrom" classname="org.guldenj.core.WalletTest" time="0.035"/>
  <testcase name="shouldNotAddTransactionSignerThatIsNotReady" classname="org.guldenj.core.WalletTest" time="0.028"/>
  <testcase name="marriedKeychainBloomFilter" classname="org.guldenj.core.WalletTest" time="0.124"/>
  <testcase name="thresholdShouldNotExceedNumberOfKeys" classname="org.guldenj.core.WalletTest" time="0.106"/>
  <testcase name="isWatching" classname="org.guldenj.core.WalletTest" time="0.081"/>
  <testcase name="opReturnOneOutputWithValueTest" classname="org.guldenj.core.WalletTest" time="0.03"/>
  <testcase name="doubleSpendUnspendsOtherInputs" classname="org.guldenj.core.WalletTest" time="0.032"/>
  <testcase name="sendDustAndMessageWithValueTest" classname="org.guldenj.core.WalletTest" time="0.029"/>
  <testcase name="transactionInBlockNotification" classname="org.guldenj.core.WalletTest" time="0.03"/>
  <testcase name="riskAnalysis" classname="org.guldenj.core.WalletTest" time="0.03"/>
  <testcase name="keyRotationHD2" classname="org.guldenj.core.WalletTest" time="0.083"/>
  <testcase name="addEncryptedKeyToUnencryptedWallet" classname="org.guldenj.core.WalletTest" time="0.153"/>
  <testcase name="watchingWallet" classname="org.guldenj.core.WalletTest" time="0.031"/>
  <testcase name="changePasswordTest" classname="org.guldenj.core.WalletTest" time="0.303"/>
  <testcase name="doubleSpendWeReceive" classname="org.guldenj.core.WalletTest" time="0.029"/>
  <testcase name="removeWatchedAddress" classname="org.guldenj.core.WalletTest" time="0.027"/>
  <testcase name="lowerThanDefaultFee" classname="org.guldenj.core.WalletTest" time="0.032"/>
  <testcase name="reset" classname="org.guldenj.core.WalletTest" time="0.028"/>
  <testcase name="changeAesKeyTest" classname="org.guldenj.core.WalletTest" time="0.211"/>
  <testcase name="spendingWithIncompatibleSigners" classname="org.guldenj.core.WalletTest" time="0.038"/>
  <testcase name="testCategory2WithChange" classname="org.guldenj.core.WalletTest" time="0.079"/>
  <testcase name="basicSpendingToP2SH" classname="org.guldenj.core.WalletTest" time="0.08"/>
  <testcase name="testAddTransactionsDependingOn" classname="org.guldenj.core.WalletTest" time="0.057"/>
  <testcase name="customTransactionSpending" classname="org.guldenj.core.WalletTest" time="0.066"/>
  <testcase name="blockChainCatchup" classname="org.guldenj.core.WalletTest" time="0.056"/>
  <testcase name="pending1" classname="org.guldenj.core.WalletTest" time="0.04"/>
  <testcase name="pending2" classname="org.guldenj.core.WalletTest" time="0.04"/>
  <testcase name="pending3" classname="org.guldenj.core.WalletTest" time="0.054"/>
  <testcase name="upgradeToHDUnencrypted" classname="org.guldenj.core.WalletTest" time="0.068"/>
  <testcase name="exceptionsDoNotBlockAllListeners" classname="org.guldenj.core.WalletTest" time="0.031"/>
  <testcase name="checkSeed" classname="org.guldenj.core.WalletTest" time="0.027"/>
  <testcase name="scriptCreationTime" classname="org.guldenj.core.WalletTest" time="0.054"/>
  <testcase name="getWatchedAddresses" classname="org.guldenj.core.WalletTest" time="0.028"/>
  <testcase name="autosaveImmediate" classname="org.guldenj.core.WalletTest" time="0.049"/>
  <testcase name="transactionsList" classname="org.guldenj.core.WalletTest" time="0.032"/>
  <testcase name="feePerKbCategoryJumpTest" classname="org.guldenj.core.WalletTest" time="0.034"/>
  <testcase name="encryptionDecryptionPasswordBasic" classname="org.guldenj.core.WalletTest" time="0.156"/>
  <testcase name="totalReceivedSent" classname="org.guldenj.core.WalletTest" time="0.034"/>
  <testcase name="testEmptyWallet" classname="org.guldenj.core.WalletTest" time="0.037"/>
  <testcase name="basicSpending" classname="org.guldenj.core.WalletTest" time="0.044"/>
  <testcase name="basicCategoryStepTest" classname="org.guldenj.core.WalletTest" time="1.241"/>
  <testcase name="cleanup" classname="org.guldenj.core.WalletTest" time="0.039"/>
  <testcase name="sendCoinsNoBroadcasterTest" classname="org.guldenj.core.WalletTest" time="0.054"/>
  <testcase name="autosaveDelayed" classname="org.guldenj.core.WalletTest" time="3.074"/>
  <testcase name="completeTxPartiallySignedWithEmptySig" classname="org.guldenj.core.WalletTest" time="0.034"/>
  <testcase name="importAndEncrypt" classname="org.guldenj.core.WalletTest" time="0.208"/>
  <testcase name="doubleSpends" classname="org.guldenj.core.WalletTest" time="0.054"/>
  <testcase name="basicSpendingFromP2SH" classname="org.guldenj.core.WalletTest" time="0.379"/>
  <testcase name="duplicatedBlock" classname="org.guldenj.core.WalletTest" time="0.027"/>
  <testcase name="completeTxPartiallySignedMarriedWithEmptySig" classname="org.guldenj.core.WalletTest" time="0.118"/>
  <testcase name="watchingScriptsBloomFilter" classname="org.guldenj.core.WalletTest" time="0.03"/>
  <testcase name="isTxConsistentReturnsFalseAsExpected_WhenAvailableForSpendingEqualsFalse" classname="org.guldenj.core.WalletTest" time="0.053"/>
  <testcase name="transactionSignersShouldBeSerializedAlongWithWallet" classname="org.guldenj.core.WalletTest" time="0.032"/>
  <testcase name="pubkeyOnlyScripts" classname="org.guldenj.core.WalletTest" time="0.029"/>
  <testcase name="outOfOrderPendingTxns" classname="org.guldenj.core.WalletTest" time="0.031"/>
  <testcase name="basicSpendingWithEncryptedWallet" classname="org.guldenj.core.WalletTest" time="0.218"/>
  <testcase name="encryptionDecryptionCheckExceptions" classname="org.guldenj.core.WalletTest" time="0.16"/>
  <testcase name="removeWatchedAddresses" classname="org.guldenj.core.WalletTest" time="0.028"/>
  <testcase name="isConsistent_duplicates" classname="org.guldenj.core.WalletTest" time="0.03"/>
  <testcase name="watchingMarriedWallet" classname="org.guldenj.core.WalletTest" time="0.089"/>
  <testcase name="sendRequestP2PKTest" classname="org.guldenj.core.WalletTest" time="0.027"/>
  <testcase name="feeSolverAndCoinSelectionTest" classname="org.guldenj.core.WalletTest" time="0.063"/>
  <testcase name="watchingScripts" classname="org.guldenj.core.WalletTest" time="0.031"/>
  <testcase name="keyEvents" classname="org.guldenj.core.WalletTest" time="0.054"/>
  <testcase name="transactions" classname="org.guldenj.core.WalletTest" time="0.028"/>
  <testcase name="sortTxnsByDependency" classname="org.guldenj.core.WalletTest" time="0.042"/>
  <testcase name="encryptionDecryptionAESBasic" classname="org.guldenj.core.WalletTest" time="0.26"/>
</testsuite>