<?xml version="1.0" encoding="UTF-8"?>
<testsuite xmlns:xsi="http://www.w3.org/2001/XMLSchema-instance" xsi:schemaLocation="https://maven.apache.org/surefire/maven-surefire-plugin/xsd/surefire-test-report.xsd" name="org.guldenj.core.PeerTest" time="8.82" tests="92" errors="0" skipped="0" failures="0">
  <properties>
    <property name="java.runtime.name" value="Java(TM) SE Runtime Environment"/>
    <property name="sun.boot.library.path" value="/opt/oracle-jdk-bin-1.8.0.72/jre/lib/amd64"/>
    <property name="java.vm.version" value="25.72-b15"/>
    <property name="java.vm.vendor" value="Oracle Corporation"/>
    <property name="maven.multiModuleProjectDirectory" value="/mnt/oldroot/Development/freelance/GULDEN/android/GuldenJ-dev"/>
    <property name="java.vendor.url" value="http://java.oracle.com/"/>
    <property name="path.separator" value=":"/>
    <property name="guice.disable.misplaced.annotation.check" value="true"/>
    <property name="java.vm.name" value="Java HotSpot(TM) 64-Bit Server VM"/>
    <property name="file.encoding.pkg" value="sun.io"/>
    <property name="user.country" value="US"/>
    <property name="sun.java.launcher" value="SUN_STANDARD"/>
    <property name="sun.os.patch.level" value="unknown"/>
    <property name="java.vm.specification.name" value="Java Virtual Machine Specification"/>
    <property name="user.dir" value="/mnt/oldroot/Development/freelance/GULDEN/android/GuldenJ-dev"/>
    <property name="java.runtime.version" value="1.8.0_72-b15"/>
    <property name="java.awt.graphicsenv" value="sun.awt.X11GraphicsEnvironment"/>
    <property name="java.endorsed.dirs" value="/opt/oracle-jdk-bin-1.8.0.72/jre/lib/endorsed"/>
    <property name="os.arch" value="amd64"/>
    <property name="java.io.tmpdir" value="/tmp"/>
    <property name="line.separator" value="&#10;"/>
    <property name="java.vm.specification.vendor" value="Oracle Corporation"/>
    <property name="os.name" value="Linux"/>
    <property name="classworlds.conf" value="/usr/share/maven-bin-3.3/bin/m2.conf"/>
    <property name="sun.jnu.encoding" value="UTF-8"/>
    <property name="java.library.path" value="/usr/java/packages/lib/amd64:/usr/lib64:/lib64:/lib:/usr/lib"/>
    <property name="java.specification.name" value="Java Platform API Specification"/>
    <property name="java.class.version" value="52.0"/>
    <property name="sun.management.compiler" value="HotSpot 64-Bit Tiered Compilers"/>
    <property name="os.version" value="4.2.3-gentoo"/>
    <property name="user.home" value="/home/malcolm"/>
    <property name="user.timezone" value="GMT"/>
    <property name="java.awt.printerjob" value="sun.print.PSPrinterJob"/>
    <property name="file.encoding" value="UTF-8"/>
    <property name="java.specification.version" value="1.8"/>
    <property name="user.name" value="malcolm"/>
    <property name="java.class.path" value="/usr/share/maven-bin-3.3/boot/plexus-classworlds-2.5.2.jar"/>
    <property name="java.vm.specification.version" value="1.8"/>
    <property name="sun.arch.data.model" value="64"/>
    <property name="java.home" value="/opt/oracle-jdk-bin-1.8.0.72/jre"/>
    <property name="sun.java.command" value="org.codehaus.plexus.classworlds.launcher.Launcher test"/>
    <property name="java.specification.vendor" value="Oracle Corporation"/>
    <property name="user.language" value="en"/>
    <property name="awt.toolkit" value="sun.awt.X11.XToolkit"/>
    <property name="java.vm.info" value="mixed mode"/>
    <property name="java.version" value="1.8.0_72"/>
    <property name="java.ext.dirs" value="/opt/oracle-jdk-bin-1.8.0.72/jre/lib/ext:/usr/java/packages/lib/ext"/>
    <property name="securerandom.source" value="file:/dev/./urandom"/>
    <property name="sun.boot.class.path" value="/opt/oracle-jdk-bin-1.8.0.72/jre/lib/resources.jar:/opt/oracle-jdk-bin-1.8.0.72/jre/lib/rt.jar:/opt/oracle-jdk-bin-1.8.0.72/jre/lib/sunrsasign.jar:/opt/oracle-jdk-bin-1.8.0.72/jre/lib/jsse.jar:/opt/oracle-jdk-bin-1.8.0.72/jre/lib/jce.jar:/opt/oracle-jdk-bin-1.8.0.72/jre/lib/charsets.jar:/opt/oracle-jdk-bin-1.8.0.72/jre/lib/jfr.jar:/opt/oracle-jdk-bin-1.8.0.72/jre/classes"/>
    <property name="java.vendor" value="Oracle Corporation"/>
    <property name="maven.home" value="/usr/share/maven-bin-3.3"/>
    <property name="file.separator" value="/"/>
    <property name="java.vendor.url.bug" value="http://bugreport.sun.com/bugreport/"/>
    <property name="sun.cpu.endian" value="little"/>
    <property name="sun.io.unicode.encoding" value="UnicodeLittle"/>
    <property name="sun.cpu.isalist" value=""/>
  </properties>
  <testcase name="recursiveDependencyDownloadDisabled[0]" classname="org.guldenj.core.PeerTest" time="0.088"/>
  <testcase name="testAddConnectedEventListener[0]" classname="org.guldenj.core.PeerTest" time="0.037"/>
  <testcase name="acceptTimeLockedDependency[0]" classname="org.guldenj.core.PeerTest" time="0.153"/>
  <testcase name="timeLockedTransactionNew[0]" classname="org.guldenj.core.PeerTest" time="0.18"/>
  <testcase name="invDownloadTx[0]" classname="org.guldenj.core.PeerTest" time="0.076"/>
  <testcase name="disconnectOldVersions1[0]" classname="org.guldenj.core.PeerTest" time="0.032"/>
  <testcase name="rejectTimeLockedDependency[0]" classname="org.guldenj.core.PeerTest" time="0.109"/>
  <testcase name="invNoDownload[0]" classname="org.guldenj.core.PeerTest" time="0.071"/>
  <testcase name="badMessage[0]" classname="org.guldenj.core.PeerTest" time="0.033"/>
  <testcase name="pingPong[0]" classname="org.guldenj.core.PeerTest" time="0.158"/>
  <testcase name="shutdown[0]" classname="org.guldenj.core.PeerTest" time="0.032"/>
  <testcase name="fastCatchup[0]" classname="org.guldenj.core.PeerTest" time="0.114"/>
  <testcase name="chainDownloadEnd2End[0]" classname="org.guldenj.core.PeerTest" time="0.247"/>
  <testcase name="testAddDisconnectedEventListener[0]" classname="org.guldenj.core.PeerTest" time="0.032"/>
  <testcase name="exceptionListener[0]" classname="org.guldenj.core.PeerTest" time="0.04"/>
  <testcase name="startBlockChainDownload[0]" classname="org.guldenj.core.PeerTest" time="0.087"/>
  <testcase name="newBlock[0]" classname="org.guldenj.core.PeerTest" time="0.073"/>
  <testcase name="getLargeBlock[0]" classname="org.guldenj.core.PeerTest" time="0.154"/>
  <testcase name="recursiveDependencyDownload[0]" classname="org.guldenj.core.PeerTest" time="0.272"/>
  <testcase name="invDownloadTxMultiPeer[0]" classname="org.guldenj.core.PeerTest" time="0.071"/>
  <testcase name="invTickle[0]" classname="org.guldenj.core.PeerTest" time="0.048"/>
  <testcase name="getBlock[0]" classname="org.guldenj.core.PeerTest" time="0.07"/>
  <testcase name="getUTXOs[0]" classname="org.guldenj.core.PeerTest" time="0.075"/>
  <testcase name="recursiveDependencyDownloadDisabled[1]" classname="org.guldenj.core.PeerTest" time="0.069"/>
  <testcase name="testAddConnectedEventListener[1]" classname="org.guldenj.core.PeerTest" time="0.032"/>
  <testcase name="acceptTimeLockedDependency[1]" classname="org.guldenj.core.PeerTest" time="0.116"/>
  <testcase name="timeLockedTransactionNew[1]" classname="org.guldenj.core.PeerTest" time="0.183"/>
  <testcase name="invDownloadTx[1]" classname="org.guldenj.core.PeerTest" time="0.077"/>
  <testcase name="disconnectOldVersions1[1]" classname="org.guldenj.core.PeerTest" time="0.03"/>
  <testcase name="rejectTimeLockedDependency[1]" classname="org.guldenj.core.PeerTest" time="0.106"/>
  <testcase name="invNoDownload[1]" classname="org.guldenj.core.PeerTest" time="0.071"/>
  <testcase name="badMessage[1]" classname="org.guldenj.core.PeerTest" time="0.038"/>
  <testcase name="pingPong[1]" classname="org.guldenj.core.PeerTest" time="0.162"/>
  <testcase name="shutdown[1]" classname="org.guldenj.core.PeerTest" time="0.034"/>
  <testcase name="fastCatchup[1]" classname="org.guldenj.core.PeerTest" time="0.085"/>
  <testcase name="chainDownloadEnd2End[1]" classname="org.guldenj.core.PeerTest" time="0.237"/>
  <testcase name="testAddDisconnectedEventListener[1]" classname="org.guldenj.core.PeerTest" time="0.047"/>
  <testcase name="exceptionListener[1]" classname="org.guldenj.core.PeerTest" time="0.026"/>
  <testcase name="startBlockChainDownload[1]" classname="org.guldenj.core.PeerTest" time="0.079"/>
  <testcase name="newBlock[1]" classname="org.guldenj.core.PeerTest" time="0.083"/>
  <testcase name="getLargeBlock[1]" classname="org.guldenj.core.PeerTest" time="0.128"/>
  <testcase name="recursiveDependencyDownload[1]" classname="org.guldenj.core.PeerTest" time="0.298"/>
  <testcase name="invDownloadTxMultiPeer[1]" classname="org.guldenj.core.PeerTest" time="0.066"/>
  <testcase name="invTickle[1]" classname="org.guldenj.core.PeerTest" time="0.034"/>
  <testcase name="getBlock[1]" classname="org.guldenj.core.PeerTest" time="0.069"/>
  <testcase name="getUTXOs[1]" classname="org.guldenj.core.PeerTest" time="0.108"/>
  <testcase name="recursiveDependencyDownloadDisabled[2]" classname="org.guldenj.core.PeerTest" time="0.072"/>
  <testcase name="testAddConnectedEventListener[2]" classname="org.guldenj.core.PeerTest" time="0.03"/>
  <testcase name="acceptTimeLockedDependency[2]" classname="org.guldenj.core.PeerTest" time="0.106"/>
  <testcase name="timeLockedTransactionNew[2]" classname="org.guldenj.core.PeerTest" time="0.207"/>
  <testcase name="invDownloadTx[2]" classname="org.guldenj.core.PeerTest" time="0.065"/>
  <testcase name="disconnectOldVersions1[2]" classname="org.guldenj.core.PeerTest" time="0.031"/>
  <testcase name="rejectTimeLockedDependency[2]" classname="org.guldenj.core.PeerTest" time="0.097"/>
  <testcase name="invNoDownload[2]" classname="org.guldenj.core.PeerTest" time="0.068"/>
  <testcase name="badMessage[2]" classname="org.guldenj.core.PeerTest" time="0.032"/>
  <testcase name="pingPong[2]" classname="org.guldenj.core.PeerTest" time="0.148"/>
  <testcase name="shutdown[2]" classname="org.guldenj.core.PeerTest" time="0.028"/>
  <testcase name="fastCatchup[2]" classname="org.guldenj.core.PeerTest" time="0.088"/>
  <testcase name="chainDownloadEnd2End[2]" classname="org.guldenj.core.PeerTest" time="0.241"/>
  <testcase name="testAddDisconnectedEventListener[2]" classname="org.guldenj.core.PeerTest" time="0.038"/>
  <testcase name="exceptionListener[2]" classname="org.guldenj.core.PeerTest" time="0.048"/>
  <testcase name="startBlockChainDownload[2]" classname="org.guldenj.core.PeerTest" time="0.077"/>
  <testcase name="newBlock[2]" classname="org.guldenj.core.PeerTest" time="0.096"/>
  <testcase name="getLargeBlock[2]" classname="org.guldenj.core.PeerTest" time="0.117"/>
  <testcase name="recursiveDependencyDownload[2]" classname="org.guldenj.core.PeerTest" time="0.282"/>
  <testcase name="invDownloadTxMultiPeer[2]" classname="org.guldenj.core.PeerTest" time="0.065"/>
  <testcase name="invTickle[2]" classname="org.guldenj.core.PeerTest" time="0.036"/>
  <testcase name="getBlock[2]" classname="org.guldenj.core.PeerTest" time="0.065"/>
  <testcase name="getUTXOs[2]" classname="org.guldenj.core.PeerTest" time="0.115"/>
  <testcase name="recursiveDependencyDownloadDisabled[3]" classname="org.guldenj.core.PeerTest" time="0.087"/>
  <testcase name="testAddConnectedEventListener[3]" classname="org.guldenj.core.PeerTest" time="0.039"/>
  <testcase name="acceptTimeLockedDependency[3]" classname="org.guldenj.core.PeerTest" time="0.121"/>
  <testcase name="timeLockedTransactionNew[3]" classname="org.guldenj.core.PeerTest" time="0.19"/>
  <testcase name="invDownloadTx[3]" classname="org.guldenj.core.PeerTest" time="0.077"/>
  <testcase name="disconnectOldVersions1[3]" classname="org.guldenj.core.PeerTest" time="0.04"/>
  <testcase name="rejectTimeLockedDependency[3]" classname="org.guldenj.core.PeerTest" time="0.108"/>
  <testcase name="invNoDownload[3]" classname="org.guldenj.core.PeerTest" time="0.074"/>
  <testcase name="badMessage[3]" classname="org.guldenj.core.PeerTest" time="0.034"/>
  <testcase name="pingPong[3]" classname="org.guldenj.core.PeerTest" time="0.154"/>
  <testcase name="shutdown[3]" classname="org.guldenj.core.PeerTest" time="0.03"/>
  <testcase name="fastCatchup[3]" classname="org.guldenj.core.PeerTest" time="0.11"/>
  <testcase name="chainDownloadEnd2End[3]" classname="org.guldenj.core.PeerTest" time="0.248"/>
  <testcase name="testAddDisconnectedEventListener[3]" classname="org.guldenj.core.PeerTest" time="0.023"/>
  <testcase name="exceptionListener[3]" classname="org.guldenj.core.PeerTest" time="0.031"/>
  <testcase name="startBlockChainDownload[3]" classname="org.guldenj.core.PeerTest" time="0.072"/>
  <testcase name="newBlock[3]" classname="org.guldenj.core.PeerTest" time="0.081"/>
  <testcase name="getLargeBlock[3]" classname="org.guldenj.core.PeerTest" time="0.11"/>
  <testcase name="recursiveDependencyDownload[3]" classname="org.guldenj.core.PeerTest" time="0.27"/>
  <testcase name="invDownloadTxMultiPeer[3]" classname="org.guldenj.core.PeerTest" time="0.068"/>
  <testcase name="invTickle[3]" classname="org.guldenj.core.PeerTest" time="0.035"/>
  <testcase name="getBlock[3]" classname="org.guldenj.core.PeerTest" time="0.084"/>
  <testcase name="getUTXOs[3]" classname="org.guldenj.core.PeerTest" time="0.112"/>
</testsuite>