<?xml version="1.0" encoding="UTF-8"?>
<testsuite xmlns:xsi="http://www.w3.org/2001/XMLSchema-instance" xsi:schemaLocation="https://maven.apache.org/surefire/maven-surefire-plugin/xsd/surefire-test-report.xsd" name="org.guldenj.wallet.KeyChainGroupTest" time="1.329" tests="29" errors="0" skipped="0" failures="0">
  <properties>
    <property name="java.runtime.name" value="Java(TM) SE Runtime Environment"/>
    <property name="sun.boot.library.path" value="/opt/oracle-jdk-bin-1.8.0.72/jre/lib/amd64"/>
    <property name="java.vm.version" value="25.72-b15"/>
    <property name="java.vm.vendor" value="Oracle Corporation"/>
    <property name="maven.multiModuleProjectDirectory" value="/mnt/oldroot/Development/freelance/GULDEN/android/GuldenJ-dev"/>
    <property name="java.vendor.url" value="http://java.oracle.com/"/>
    <property name="path.separator" value=":"/>
    <property name="guice.disable.misplaced.annotation.check" value="true"/>
    <property name="java.vm.name" value="Java HotSpot(TM) 64-Bit Server VM"/>
    <property name="file.encoding.pkg" value="sun.io"/>
    <property name="user.country" value="US"/>
    <property name="sun.java.launcher" value="SUN_STANDARD"/>
    <property name="sun.os.patch.level" value="unknown"/>
    <property name="java.vm.specification.name" value="Java Virtual Machine Specification"/>
    <property name="user.dir" value="/mnt/oldroot/Development/freelance/GULDEN/android/GuldenJ-dev"/>
    <property name="java.runtime.version" value="1.8.0_72-b15"/>
    <property name="java.awt.graphicsenv" value="sun.awt.X11GraphicsEnvironment"/>
    <property name="java.endorsed.dirs" value="/opt/oracle-jdk-bin-1.8.0.72/jre/lib/endorsed"/>
    <property name="os.arch" value="amd64"/>
    <property name="java.io.tmpdir" value="/tmp"/>
    <property name="line.separator" value="&#10;"/>
    <property name="java.vm.specification.vendor" value="Oracle Corporation"/>
    <property name="os.name" value="Linux"/>
    <property name="classworlds.conf" value="/usr/share/maven-bin-3.3/bin/m2.conf"/>
    <property name="sun.jnu.encoding" value="UTF-8"/>
    <property name="java.library.path" value="/usr/java/packages/lib/amd64:/usr/lib64:/lib64:/lib:/usr/lib"/>
    <property name="java.specification.name" value="Java Platform API Specification"/>
    <property name="java.class.version" value="52.0"/>
    <property name="sun.management.compiler" value="HotSpot 64-Bit Tiered Compilers"/>
    <property name="os.version" value="4.2.3-gentoo"/>
    <property name="user.home" value="/home/malcolm"/>
    <property name="user.timezone" value="GMT"/>
    <property name="java.awt.printerjob" value="sun.print.PSPrinterJob"/>
    <property name="file.encoding" value="UTF-8"/>
    <property name="java.specification.version" value="1.8"/>
    <property name="user.name" value="malcolm"/>
    <property name="java.class.path" value="/usr/share/maven-bin-3.3/boot/plexus-classworlds-2.5.2.jar"/>
    <property name="java.vm.specification.version" value="1.8"/>
    <property name="sun.arch.data.model" value="64"/>
    <property name="java.home" value="/opt/oracle-jdk-bin-1.8.0.72/jre"/>
    <property name="sun.java.command" value="org.codehaus.plexus.classworlds.launcher.Launcher test"/>
    <property name="java.specification.vendor" value="Oracle Corporation"/>
    <property name="user.language" value="en"/>
    <property name="awt.toolkit" value="sun.awt.X11.XToolkit"/>
    <property name="java.vm.info" value="mixed mode"/>
    <property name="java.version" value="1.8.0_72"/>
    <property name="java.ext.dirs" value="/opt/oracle-jdk-bin-1.8.0.72/jre/lib/ext:/usr/java/packages/lib/ext"/>
    <property name="securerandom.source" value="file:/dev/./urandom"/>
    <property name="sun.boot.class.path" value="/opt/oracle-jdk-bin-1.8.0.72/jre/lib/resources.jar:/opt/oracle-jdk-bin-1.8.0.72/jre/lib/rt.jar:/opt/oracle-jdk-bin-1.8.0.72/jre/lib/sunrsasign.jar:/opt/oracle-jdk-bin-1.8.0.72/jre/lib/jsse.jar:/opt/oracle-jdk-bin-1.8.0.72/jre/lib/jce.jar:/opt/oracle-jdk-bin-1.8.0.72/jre/lib/charsets.jar:/opt/oracle-jdk-bin-1.8.0.72/jre/lib/jfr.jar:/opt/oracle-jdk-bin-1.8.0.72/jre/classes"/>
    <property name="java.vendor" value="Oracle Corporation"/>
    <property name="maven.home" value="/usr/share/maven-bin-3.3"/>
    <property name="file.separator" value="/"/>
    <property name="java.vendor.url.bug" value="http://bugreport.sun.com/bugreport/"/>
    <property name="sun.cpu.endian" value="little"/>
    <property name="sun.io.unicode.encoding" value="UnicodeLittle"/>
    <property name="sun.cpu.isalist" value=""/>
  </properties>
  <testcase name="isWatchingNoKeys" classname="org.guldenj.wallet.KeyChainGroupTest" time="0.025"/>
  <testcase name="isWatchingMixedKeys" classname="org.guldenj.wallet.KeyChainGroupTest" time="0.029"/>
  <testcase name="serializeWatching" classname="org.guldenj.wallet.KeyChainGroupTest" time="0.037"/>
  <testcase name="freshAddress" classname="org.guldenj.wallet.KeyChainGroupTest" time="0.061"/>
  <testcase name="events" classname="org.guldenj.wallet.KeyChainGroupTest" time="0.028"/>
  <testcase name="encryptionWithoutImported" classname="org.guldenj.wallet.KeyChainGroupTest" time="0.032"/>
  <testcase name="freshCurrentKeys" classname="org.guldenj.wallet.KeyChainGroupTest" time="0.034"/>
  <testcase name="findKey" classname="org.guldenj.wallet.KeyChainGroupTest" time="0.026"/>
  <testcase name="earliestKeyTime" classname="org.guldenj.wallet.KeyChainGroupTest" time="0.03"/>
  <testcase name="encryptionWithImported" classname="org.guldenj.wallet.KeyChainGroupTest" time="0.032"/>
  <testcase name="isNotWatching" classname="org.guldenj.wallet.KeyChainGroupTest" time="0.029"/>
  <testcase name="isWatching" classname="org.guldenj.wallet.KeyChainGroupTest" time="0.033"/>
  <testcase name="deterministicUpgradeUnencrypted" classname="org.guldenj.wallet.KeyChainGroupTest" time="0.08"/>
  <testcase name="constructFromSeed" classname="org.guldenj.wallet.KeyChainGroupTest" time="0.028"/>
  <testcase name="markAsUsed" classname="org.guldenj.wallet.KeyChainGroupTest" time="0.026"/>
  <testcase name="bloom" classname="org.guldenj.wallet.KeyChainGroupTest" time="0.03"/>
  <testcase name="findRedeemScriptFromPubHash" classname="org.guldenj.wallet.KeyChainGroupTest" time="0.118"/>
  <testcase name="deterministicUpgradeEncrypted" classname="org.guldenj.wallet.KeyChainGroupTest" time="0.105"/>
  <testcase name="currentP2SHAddress" classname="org.guldenj.wallet.KeyChainGroupTest" time="0.057"/>
  <testcase name="bloomFilterForMarriedChains" classname="org.guldenj.wallet.KeyChainGroupTest" time="0.065"/>
  <testcase name="addFollowingAccounts" classname="org.guldenj.wallet.KeyChainGroupTest" time="0.058"/>
  <testcase name="deterministicUpgradeRequired" classname="org.guldenj.wallet.KeyChainGroupTest" time="0.021"/>
  <testcase name="findRedeemData" classname="org.guldenj.wallet.KeyChainGroupTest" time="0.061"/>
  <testcase name="serialization" classname="org.guldenj.wallet.KeyChainGroupTest" time="0.035"/>
  <testcase name="freshCurrentKeysForMarriedKeychain" classname="org.guldenj.wallet.KeyChainGroupTest" time="0.054"/>
  <testcase name="deterministicUpgradeRotating" classname="org.guldenj.wallet.KeyChainGroupTest" time="0.051"/>
  <testcase name="serializeMarried" classname="org.guldenj.wallet.KeyChainGroupTest" time="0.059"/>
  <testcase name="imports" classname="org.guldenj.wallet.KeyChainGroupTest" time="0.029"/>
  <testcase name="encryptionWhilstEmpty" classname="org.guldenj.wallet.KeyChainGroupTest" time="0.055"/>
</testsuite>